<?xml version="1.0" encoding="UTF-8"?>
<testng-results skipped="0" failed="0" ignored="0" total="1" passed="1">
  <reporter-output>
  </reporter-output>
  <suite name="test-suite" duration-ms="56248" started-at="2020-04-24T10:50:29Z" finished-at="2020-04-24T10:51:25Z">
    <groups>
      <group name="cucumber">
        <method signature="AbstractTestNGCucumberTests.runScenario(cucumber.api.testng.PickleEventWrapper, cucumber.api.testng.CucumberFeatureWrapper)[pri:0, instance:skeleton.runner@271053e1]" name="runScenario" class="cucumber.api.testng.AbstractTestNGCucumberTests"/>
      </group> <!-- cucumber -->
    </groups>
    <test name="test" duration-ms="56248" started-at="2020-04-24T10:50:29Z" finished-at="2020-04-24T10:51:25Z">
      <class name="skeleton.runner">
        <test-method status="PASS" signature="setUpClass()[pri:0, instance:skeleton.runner@271053e1]" name="setUpClass" is-config="true" duration-ms="186" started-at="2020-04-24T10:50:29Z" finished-at="2020-04-24T10:50:29Z">
          <reporter-output>
          </reporter-output>
        </test-method> <!-- setUpClass -->
        <test-method status="PASS" signature="runScenario(cucumber.api.testng.PickleEventWrapper, cucumber.api.testng.CucumberFeatureWrapper)[pri:0, instance:skeleton.runner@271053e1]" name="runScenario" duration-ms="55402" started-at="2020-04-24T10:50:29Z" description="Runs Cucumber Scenarios" data-provider="scenarios" finished-at="2020-04-24T10:51:24Z">
          <params>
            <param index="0">
              <value>
                <![CDATA["Login with test data"]]>
              </value>
            </param>
            <param index="1">
              <value>
                <![CDATA["login test"]]>
              </value>
            </param>
          </params>
          <reporter-output>
          </reporter-output>
        </test-method> <!-- runScenario -->
        <test-method status="PASS" signature="tearDownClass()[pri:0, instance:skeleton.runner@271053e1]" name="tearDownClass" is-config="true" duration-ms="586" started-at="2020-04-24T10:51:24Z" finished-at="2020-04-24T10:51:25Z">
          <reporter-output>
          </reporter-output>
        </test-method> <!-- tearDownClass -->
      </class> <!-- skeleton.runner -->
    </test> <!-- test -->
  </suite> <!-- test-suite -->
</testng-results>
